04-03 22:40:21.167  4079  4079 E AndroidRuntime: FATAL EXCEPTION: main
04-03 22:40:21.167  4079  4079 E AndroidRuntime: Process: com.android.settings, PID: 4079
04-03 22:40:21.167  4079  4079 E AndroidRuntime: java.lang.RuntimeException: Unable to start activity ComponentInfo{com.android.settings/com.android.settings.SubSettings}: java.lang.NullPointerException: Attempt to invoke virtual method 'void androidx.preference.Preference.onPrepareForRemoval()' on a null object reference
04-03 22:40:21.167  4079  4079 E AndroidRuntime: 	at android.app.ActivityThread.performLaunchActivity(ActivityThread.java:3431)
04-03 22:40:21.167  4079  4079 E AndroidRuntime: 	at android.app.ActivityThread.handleLaunchActivity(ActivityThread.java:3595)
04-03 22:40:21.167  4079  4079 E AndroidRuntime: 	at android.app.servertransaction.LaunchActivityItem.execute(LaunchActivityItem.java:85)
04-03 22:40:21.167  4079  4079 E AndroidRuntime: 	at android.app.servertransaction.TransactionExecutor.executeCallbacks(TransactionExecutor.java:135)
04-03 22:40:21.167  4079  4079 E AndroidRuntime: 	at android.app.servertransaction.TransactionExecutor.execute(TransactionExecutor.java:95)
04-03 22:40:21.167  4079  4079 E AndroidRuntime: 	at android.app.ActivityThread$H.handleMessage(ActivityThread.java:2066)
04-03 22:40:21.167  4079  4079 E AndroidRuntime: 	at android.os.Handler.dispatchMessage(Handler.java:106)
04-03 22:40:21.167  4079  4079 E AndroidRuntime: 	at android.os.Looper.loop(Looper.java:223)
04-03 22:40:21.167  4079  4079 E AndroidRuntime: 	at android.app.ActivityThread.main(ActivityThread.java:7660)
04-03 22:40:21.167  4079  4079 E AndroidRuntime: 	at java.lang.reflect.Method.invoke(Native Method)
04-03 22:40:21.167  4079  4079 E AndroidRuntime: 	at com.android.internal.os.RuntimeInit$MethodAndArgsCaller.run(RuntimeInit.java:592)
04-03 22:40:21.167  4079  4079 E AndroidRuntime: 	at com.android.internal.os.ZygoteInit.main(ZygoteInit.java:947)
04-03 22:40:21.167  4079  4079 E AndroidRuntime: Caused by: java.lang.NullPointerException: Attempt to invoke virtual method 'void androidx.preference.Preference.onPrepareForRemoval()' on a null object reference
04-03 22:40:21.167  4079  4079 E AndroidRuntime: 	at androidx.preference.PreferenceGroup.removePreferenceInt(PreferenceGroup.java:299)
04-03 22:40:21.167  4079  4079 E AndroidRuntime: 	at androidx.preference.PreferenceGroup.removePreference(PreferenceGroup.java:275)
04-03 22:40:21.167  4079  4079 E AndroidRuntime: 	at com.nitrogen.settings.NitrogenSettings.onCreate(NitrogenSettings.java:52)
04-03 22:40:21.167  4079  4079 E AndroidRuntime: 	at androidx.fragment.app.Fragment.performCreate(Fragment.java:2883)
04-03 22:40:21.167  4079  4079 E AndroidRuntime: 	at androidx.fragment.app.FragmentStateManager.create(FragmentStateManager.java:484)
04-03 22:40:21.167  4079  4079 E AndroidRuntime: 	at androidx.fragment.app.FragmentManager.moveToState(FragmentManager.java:1312)
04-03 22:40:21.167  4079  4079 E AndroidRuntime: 	at androidx.fragment.app.FragmentManager.moveToState(FragmentManager.java:1477)
04-03 22:40:21.167  4079  4079 E AndroidRuntime: 	at androidx.fragment.app.FragmentTransition.addToFirstInLastOut(FragmentTransition.java:1246)
04-03 22:40:21.167  4079  4079 E AndroidRuntime: 	at androidx.fragment.app.FragmentTransition.calculateFragments(FragmentTransition.java:1128)
04-03 22:40:21.167  4079  4079 E AndroidRuntime: 	at androidx.fragment.app.FragmentTransition.startTransitions(FragmentTransition.java:135)
04-03 22:40:21.167  4079  4079 E AndroidRuntime: 	at androidx.fragment.app.FragmentManager.executeOpsTogether(FragmentManager.java:2112)
04-03 22:40:21.167  4079  4079 E AndroidRuntime: 	at androidx.fragment.app.FragmentManager.removeRedundantOperationsAndExecute(FragmentManager.java:2055)
04-03 22:40:21.167  4079  4079 E AndroidRuntime: 	at androidx.fragment.app.FragmentManager.execPendingActions(FragmentManager.java:1957)
04-03 22:40:21.167  4079  4079 E AndroidRuntime: 	at androidx.fragment.app.FragmentManager.executePendingTransactions(FragmentManager.java:572)
04-03 22:40:21.167  4079  4079 E AndroidRuntime: 	at com.android.settings.SettingsActivity.switchToFragment(SettingsActivity.java:586)
04-03 22:40:21.167  4079  4079 E AndroidRuntime: 	at com.android.settings.SettingsActivity.launchSettingFragment(SettingsActivity.java:374)
04-03 22:40:21.167  4079  4079 E AndroidRuntime: 	at com.android.settings.SettingsActivity.onCreate(SettingsActivity.java:282)
04-03 22:40:21.167  4079  4079 E AndroidRuntime: 	at android.app.Activity.performCreate(Activity.java:8000)
04-03 22:40:21.167  4079  4079 E AndroidRuntime: 	at android.app.Activity.performCreate(Activity.java:7984)
04-03 22:40:21.167  4079  4079 E AndroidRuntime: 	at android.app.Instrumentation.callActivityOnCreate(Instrumentation.java:1309)
04-03 22:40:21.167  4079  4079 E AndroidRuntime: 	at android.app.ActivityThread.performLaunchActivity(ActivityThread.java:3404)
04-03 22:40:21.167  4079  4079 E AndroidRuntime: 	... 11 more 
